<?xml version="1.0" encoding="UTF-8"?>
<testng-results ignored="0" total="1" passed="1" failed="0" skipped="0">
  <reporter-output>
    <line>
      <![CDATA[openBrowser]]>
    </line>
    <line>
      <![CDATA[login]]>
    </line>
    <line>
      <![CDATA[addDetails]]>
    </line>
    <line>
      <![CDATA[logout]]>
    </line>
    <line>
      <![CDATA[closeBrowser]]>
    </line>
  </reporter-output>
  <suite started-at="2024-02-19T16:31:55 IST" name="Default suite" finished-at="2024-02-19T16:32:46 IST" duration-ms="51246">
    <groups>
    </groups>
    <test started-at="2024-02-19T16:31:55 IST" name="Default test" finished-at="2024-02-19T16:32:46 IST" duration-ms="51246">
      <class name="testscript.CreateQualifications">
        <test-method is-config="true" signature="openBrowser()[pri:0, instance:testscript.CreateQualifications@399f45b1]" started-at="2024-02-19T16:31:55 IST" name="openBrowser" finished-at="2024-02-19T16:32:01 IST" duration-ms="6064" status="PASS">
          <reporter-output>
            <line>
              <![CDATA[openBrowser]]>
            </line>
          </reporter-output>
        </test-method> <!-- openBrowser -->
        <test-method is-config="true" signature="login()[pri:0, instance:testscript.CreateQualifications@399f45b1]" started-at="2024-02-19T16:32:01 IST" name="login" finished-at="2024-02-19T16:32:20 IST" duration-ms="19759" status="PASS">
          <reporter-output>
            <line>
              <![CDATA[login]]>
            </line>
          </reporter-output>
        </test-method> <!-- login -->
        <test-method signature="testaddDetails()[pri:0, instance:testscript.CreateQualifications@399f45b1]" started-at="2024-02-19T16:32:20 IST" name="testaddDetails" finished-at="2024-02-19T16:32:45 IST" duration-ms="24723" status="PASS">
          <reporter-output>
            <line>
              <![CDATA[addDetails]]>
            </line>
          </reporter-output>
        </test-method> <!-- testaddDetails -->
        <test-method is-config="true" signature="logout()[pri:0, instance:testscript.CreateQualifications@399f45b1]" started-at="2024-02-19T16:32:45 IST" name="logout" finished-at="2024-02-19T16:32:45 IST" duration-ms="243" status="PASS">
          <reporter-output>
            <line>
              <![CDATA[logout]]>
            </line>
          </reporter-output>
        </test-method> <!-- logout -->
        <test-method is-config="true" signature="closeBrowser()[pri:0, instance:testscript.CreateQualifications@399f45b1]" started-at="2024-02-19T16:32:45 IST" name="closeBrowser" finished-at="2024-02-19T16:32:46 IST" duration-ms="339" status="PASS">
          <reporter-output>
            <line>
              <![CDATA[closeBrowser]]>
            </line>
          </reporter-output>
        </test-method> <!-- closeBrowser -->
      </class> <!-- testscript.CreateQualifications -->
    </test> <!-- Default test -->
  </suite> <!-- Default suite -->
</testng-results>
